P1 started!
P5 started!
P4 started!
P6 started!
P2 started!
P3 started!
P3 modified CR2_byte, CR2_short, CR2_int
P2 opens semaphore SR2 for the Thread3
Producer P5 in write to buffer[0] value: 95
Producer P5 in write to buffer[1] value: 9
Producer P5 in write to buffer[2] value: 22
Producer P5 in write to buffer[3] value: 18
Producer P5 in write to buffer[4] value: 88
Producer P5 in write to buffer[5] value: 58
Producer P5 in write to buffer[6] value: 69
Producer P5 in write to buffer[7] value: 47
Producer P5 in write to buffer[8] value: 60
Producer P5 in write to buffer[9] value: 85
Producer P5 in write to buffer[10] value: 46
Producer P5 in write to buffer[11] value: 74
Producer P5 in write to buffer[12] value: 88
Producer P5 in write to buffer[13] value: 16
Producer P5 in write to buffer[14] value: 59
P6 synchronized in barrier
P6 use CR2_boolean, CR2_char
P3 synchronized in barrier
Consumer P1 get from buffer[0] value: 95
Producer P5 in write to buffer[0] value: 92
Consumer P1 get from buffer[1] value: 9
Consumer P1 get from buffer[2] value: 22
Consumer P1 get from buffer[3] value: 18
Consumer P1 get from buffer[4] value: 88
Consumer P1 get from buffer[5] value: 58
Consumer P1 get from buffer[6] value: 69
Consumer P1 get from buffer[7] value: 47
Consumer P1 get from buffer[8] value: 60
Consumer P1 get from buffer[9] value: 85
Consumer P1 get from buffer[10] value: 46
Consumer P1 get from buffer[11] value: 74
Consumer P4 get from buffer[12] value: 88
Consumer P4 get from buffer[13] value: 16
Consumer P4 get from buffer[14] value: 59
Consumer P4 get from buffer[0] value: 92
Producer P5 in write to buffer[1] value: 58
Producer P5 in write to buffer[2] value: 3
Producer P5 in write to buffer[3] value: 2
Producer P5 in write to buffer[4] value: 48
Producer P5 in write to buffer[5] value: 70
Producer P5 in write to buffer[6] value: 15
Producer P5 in write to buffer[7] value: 24
Producer P5 in write to buffer[8] value: 49
Producer P5 in write to buffer[9] value: 81
Producer P5 in write to buffer[10] value: 25
Producer P5 in write to buffer[11] value: 18
Producer P5 in write to buffer[12] value: 68
Producer P5 in write to buffer[13] value: 56
Producer P5 in write to buffer[14] value: 16
Producer P5 in write to buffer[0] value: 92
Consumer P4 get from buffer[1] value: 58
Consumer P4 get from buffer[2] value: 3
Consumer P4 get from buffer[3] value: 2
Consumer P4 get from buffer[4] value: 48
Consumer P4 get from buffer[5] value: 70
Consumer P4 get from buffer[6] value: 15
Consumer P4 get from buffer[7] value: 24
Consumer P4 get from buffer[8] value: 49
Consumer P4 get from buffer[9] value: 81
Consumer P4 get from buffer[10] value: 25
Consumer P4 get from buffer[11] value: 18
Consumer P4 get from buffer[12] value: 68
Consumer P4 get from buffer[13] value: 56
Consumer P4 get from buffer[14] value: 16
P1 finished!
Producer P5 in write to buffer[1] value: 40
P5 finished!
P3 use (sum) CR2_long, CR2_float, CR2_double and get result: 212371.4
P3 opens semaphore SR1 for the Thread2
P3 works AFTER synchronization point
P2 works AFTER synchronization point
Producer P2 in write to buffer[2] value: 10
P2 finished!
P6 finished!
P3 finished!
Main finished